Res_SingularValue
                1           2           3           4           5           6           7           8           9          10          11          12          13          14          15          16 
    1  1.6182e-01  3.5504e-03  2.8086e-04  2.7837e-04  2.7791e-04  2.7652e-04  2.7383e-04  2.7381e-04  2.7140e-04  2.7091e-04  2.7028e-04  2.7011e-04  2.6976e-04  2.6950e-04  2.6937e-04  2.6912e-04 
    2  1.5689e-01  3.6583e-03  2.7769e-04  2.7480e-04  2.7462e-04  2.7375e-04  2.6970e-04  2.6960e-04  2.6733e-04  2.6700e-04  2.6655e-04  2.6641e-04  2.6640e-04  2.6587e-04  2.6566e-04  2.6501e-04 
    3  1.4650e-01  3.9161e-03  2.6280e-04  2.6236e-04  2.6184e-04  2.5758e-04  2.5645e-04  2.5570e-04  2.5535e-04  2.5393e-04  2.5373e-04  2.5333e-04  2.5275e-04  2.5210e-04  2.5156e-04  2.5133e-04 
    4  1.3805e-01  4.1482e-03  2.5408e-04  2.5389e-04  2.4834e-04  2.4706e-04  2.4676e-04  2.4500e-04  2.4440e-04  2.4359e-04  2.4350e-04  2.4254e-04  2.4239e-04  2.4187e-04  2.4116e-04  2.4072e-04 
    5  1.3851e-01  4.1266e-03  2.6396e-04  2.6351e-04  2.6145e-04  2.6051e-04  2.5924e-04  2.5913e-04  2.5059e-04  2.5006e-04  2.4976e-04  2.4922e-04  2.4809e-04  2.4795e-04  2.4648e-04  2.4569e-04 
    6  1.4741e-01  3.8786e-03  2.7882e-04  2.7811e-04  2.7352e-04  2.7345e-04  2.7058e-04  2.7007e-04  2.6648e-04  2.6553e-04  2.6178e-04  2.6140e-04  2.6107e-04  2.6071e-04  2.6039e-04  2.5983e-04 
    7  1.5737e-01  3.6282e-03  2.8954e-04  2.8901e-04  2.8304e-04  2.8279e-04  2.7871e-04  2.7789e-04  2.7749e-04  2.7652e-04  2.7624e-04  2.7512e-04  2.6904e-04  2.6865e-04  2.6794e-04  2.6758e-04 
    8  1.6131e-01  3.5374e-03  2.9294e-04  2.9235e-04  2.8667e-04  2.8639e-04  2.8399e-04  2.8240e-04  2.8093e-04  2.8087e-04  2.8054e-04  2.7893e-04  2.7376e-04  2.7327e-04  2.7163e-04  2.7130e-04 
    9  1.5666e-01  3.6393e-03  2.8807e-04  2.8756e-04  2.8332e-04  2.8310e-04  2.8075e-04  2.7971e-04  2.7799e-04  2.7770e-04  2.7494e-04  2.7319e-04  2.7107e-04  2.7052e-04  2.6748e-04  2.6693e-04 
   10  1.4638e-01  3.8884e-03  2.7979e-04  2.7925e-04  2.7295e-04  2.7229e-04  2.6945e-04  2.6915e-04  2.6428e-04  2.6350e-04  2.5981e-04  2.5960e-04  2.5623e-04  2.5509e-04  2.5449e-04  2.5216e-04 
   11  1.3782e-01  4.1310e-03  2.6598e-04  2.6035e-04  2.6000e-04  2.5972e-04  2.5847e-04  2.5460e-04  2.4590e-04  2.4573e-04  2.4127e-04  2.4086e-04  2.3925e-04  2.3883e-04  2.3699e-04  2.3652e-04 
   12  1.3794e-01  4.1215e-03  2.4456e-04  2.4423e-04  2.4234e-04  2.4192e-04  2.4170e-04  2.4046e-04  2.3880e-04  2.3775e-04  2.3726e-04  2.3713e-04  2.3637e-04  2.3619e-04  2.3514e-04  2.3477e-04 
   13  1.4660e-01  3.8765e-03  2.6637e-04  2.6494e-04  2.6245e-04  2.6179e-04  2.6095e-04  2.6063e-04  2.5997e-04  2.5968e-04  2.5937e-04  2.5864e-04  2.5650e-04  2.5627e-04  2.5220e-04  2.5180e-04 
   14  1.5663e-01  3.6283e-03  2.7582e-04  2.7542e-04  2.7270e-04  2.7260e-04  2.7254e-04  2.7121e-04  2.6958e-04  2.6889e-04  2.6799e-04  2.6777e-04  2.6676e-04  2.6648e-04  2.6628e-04  2.6558e-04 
   15  1.6083e-01  3.5273e-03  2.8012e-04  2.7987e-04  2.7675e-04  2.7635e-04  2.7627e-04  2.7532e-04  2.7525e-04  2.7439e-04  2.7276e-04  2.7216e-04  2.7150e-04  2.7114e-04  2.7050e-04  2.6984e-04 
   16  1.5646e-01  3.6221e-03  2.7633e-04  2.7618e-04  2.7366e-04  2.7293e-04  2.7147e-04  2.7080e-04  2.7058e-04  2.6978e-04  2.6841e-04  2.6829e-04  2.6724e-04  2.6659e-04  2.6555e-04  2.6473e-04 
   17  1.4625e-01  3.8677e-03  2.6460e-04  2.6422e-04  2.6405e-04  2.6321e-04  2.6071e-04  2.6037e-04  2.6016e-04  2.5986e-04  2.5452e-04  2.5410e-04  2.5248e-04  2.5130e-04  2.5063e-04  2.5054e-04 
   18  1.3748e-01  4.1095e-03  2.5263e-04  2.5183e-04  2.5045e-04  2.4917e-04  2.4697e-04  2.4691e-04  2.4623e-04  2.4584e-04  2.4245e-04  2.4198e-04  2.4070e-04  2.4028e-04  2.3776e-04  2.3724e-04 
   19  1.3729e-01  4.1141e-03  2.5419e-04  2.5379e-04  2.5312e-04  2.5256e-04  2.5105e-04  2.5040e-04  2.4862e-04  2.4545e-04  2.4410e-04  2.4323e-04  2.4287e-04  2.4267e-04  2.4132e-04  2.4033e-04 
   20  1.4577e-01  3.8713e-03  2.8135e-04  2.7297e-04  2.6686e-04  2.6647e-04  2.6376e-04  2.6326e-04  2.6192e-04  2.6158e-04  2.5814e-04  2.5737e-04  2.5648e-04  2.5615e-04  2.5450e-04  2.5435e-04 
   21  1.5585e-01  3.6188e-03  2.8456e-04  2.8014e-04  2.7952e-04  2.7622e-04  2.7570e-04  2.7561e-04  2.7250e-04  2.7206e-04  2.7108e-04  2.7050e-04  2.6786e-04  2.6774e-04  2.6725e-04  2.6651e-04 
   22  1.6032e-01  3.5192e-03  2.9060e-04  2.8393e-04  2.8323e-04  2.8168e-04  2.8070e-04  2.8048e-04  2.7749e-04  2.7712e-04  2.7427e-04  2.7377e-04  2.7174e-04  2.7144e-04  2.7118e-04  2.7020e-04 
   23  1.5625e-01  3.6047e-03  2.8653e-04  2.8199e-04  2.8138e-04  2.7786e-04  2.7541e-04  2.7527e-04  2.7386e-04  2.7357e-04  2.6971e-04  2.6942e-04  2.6826e-04  2.6776e-04  2.6601e-04  2.6546e-04 
   24  1.4621e-01  3.8479e-03  2.7767e-04  2.7004e-04  2.6977e-04  2.6649e-04  2.6500e-04  2.6466e-04  2.6206e-04  2.6163e-04  2.6074e-04  2.6044e-04  2.6015e-04  2.6007e-04  2.5881e-04  2.5809e-04 
   25  1.3725e-01  4.0886e-03  2.4892e-04  2.4861e-04  2.4731e-04  2.4709e-04  2.4671e-04  2.4668e-04  2.4587e-04  2.4551e-04  2.4102e-04  2.3996e-04  2.3930e-04  2.3867e-04  2.3753e-04  2.3699e-04 
   26  1.3664e-01  4.1055e-03  2.4582e-04  2.4559e-04  2.4366e-04  2.4310e-04  2.4177e-04  2.4079e-04  2.3875e-04  2.3861e-04  2.3816e-04  2.3802e-04  2.3518e-04  2.3491e-04  2.3467e-04  2.3433e-04 
   27  1.4492e-01  3.8715e-03  2.6857e-04  2.6811e-04  2.6638e-04  2.6383e-04  2.6318e-04  2.6070e-04  2.6056e-04  2.5952e-04  2.5873e-04  2.5739e-04  2.5722e-04  2.5547e-04  2.5510e-04  2.5436e-04 
   28  1.5505e-01  3.6142e-03  2.7701e-04  2.7652e-04  2.7511e-04  2.7483e-04  2.7108e-04  2.7056e-04  2.7020e-04  2.6978e-04  2.6880e-04  2.6655e-04  2.6548e-04  2.6414e-04  2.6375e-04  2.6367e-04 
   29  1.5976e-01  3.5042e-03  2.7975e-04  2.7952e-04  2.7798e-04  2.7776e-04  2.7627e-04  2.7597e-04  2.7504e-04  2.7477e-04  2.7423e-04  2.7382e-04  2.7284e-04  2.7036e-04  2.7024e-04  2.6862e-04 
   30  1.5598e-01  3.5880e-03  2.7704e-04  2.7660e-04  2.7564e-04  2.7543e-04  2.7350e-04  2.7246e-04  2.7127e-04  2.7106e-04  2.7035e-04  2.7009e-04  2.6829e-04  2.6804e-04  2.6597e-04  2.6567e-04 
   31  1.4610e-01  3.8282e-03  2.6986e-04  2.6938e-04  2.6522e-04  2.6495e-04  2.6330e-04  2.6236e-04  2.5963e-04  2.5708e-04  2.5647e-04  2.5484e-04  2.5440e-04  2.5303e-04  2.5250e-04  2.5128e-04 
   32  1.3704e-01  4.0752e-03  2.6617e-04  2.6513e-04  2.5557e-04  2.5510e-04  2.4671e-04  2.4539e-04  2.4176e-04  2.3955e-04  2.3915e-04  2.3910e-04  2.3861e-04  2.3765e-04  2.3745e-04  2.3585e-04 
   33  1.3609e-01  4.0967e-03  2.4895e-04  2.4885e-04  2.4628e-04  2.4566e-04  2.4525e-04  2.4494e-04  2.4487e-04  2.4439e-04  2.3970e-04  2.3891e-04  2.3757e-04  2.3722e-04  2.3673e-04  2.3602e-04 
   34  1.4412e-01  3.8645e-03  2.6509e-04  2.6447e-04  2.6406e-04  2.6329e-04  2.5966e-04  2.5835e-04  2.5771e-04  2.5710e-04  2.5664e-04  2.5586e-04  2.5514e-04  2.4918e-04  2.4798e-04  2.4738e-04 
   35  1.5430e-01  3.6130e-03  2.7700e-04  2.7637e-04  2.7045e-04  2.7040e-04  2.7024e-04  2.6903e-04  2.6821e-04  2.6726e-04  2.6702e-04  2.6416e-04  2.6338e-04  2.6274e-04  2.6223e-04  2.6207e-04 
   36  1.5927e-01  3.4958e-03  2.8024e-04  2.7965e-04  2.7853e-04  2.7738e-04  2.7585e-04  2.7514e-04  2.7421e-04  2.7409e-04  2.7288e-04  2.7227e-04  2.6843e-04  2.6729e-04  2.6623e-04  2.6608e-04 
   37  1.5578e-01  3.5706e-03  2.7772e-04  2.7718e-04  2.7606e-04  2.7445e-04  2.7292e-04  2.7137e-04  2.7119e-04  2.7053e-04  2.6953e-04  2.6891e-04  2.6626e-04  2.6472e-04  2.6314e-04  2.6294e-04 
   38  1.4602e-01  3.8047e-03  2.6526e-04  2.6522e-04  2.6364e-04  2.6334e-04  2.6220e-04  2.6115e-04  2.5943e-04  2.5888e-04  2.5755e-04  2.5738e-04  2.5641e-04  2.5583e-04  2.5504e-04  2.4951e-04 
   39  1.3681e-01  4.0553e-03  2.5495e-04  2.5356e-04  2.5149e-04  2.5038e-04  2.4823e-04  2.4788e-04  2.4323e-04  2.4308e-04  2.4228e-04  2.4103e-04  2.4012e-04  2.3961e-04  2.3797e-04  2.3765e-04 
   40  1.3556e-01  4.0904e-03  2.6887e-04  2.6793e-04  2.4546e-04  2.4439e-04  2.4393e-04  2.4306e-04  2.4290e-04  2.4206e-04  2.4150e-04  2.4122e-04  2.4069e-04  2.4018e-04  2.3985e-04  2.3917e-04 
   41  1.4333e-01  3.8628e-03  2.7409e-04  2.7229e-04  2.7179e-04  2.6672e-04  2.5667e-04  2.5545e-04  2.5477e-04  2.5269e-04  2.5214e-04  2.5198e-04  2.5177e-04  2.5131e-04  2.5124e-04  2.5011e-04 
   42  1.5357e-01  3.6011e-03  2.7953e-04  2.7905e-04  2.7522e-04  2.7459e-04  2.7395e-04  2.6694e-04  2.6666e-04  2.6619e-04  2.6536e-04  2.6522e-04  2.6497e-04  2.6317e-04  2.6291e-04  2.6278e-04 
   43  1.5878e-01  3.4861e-03  2.8367e-04  2.8319e-04  2.8031e-04  2.7728e-04  2.7677e-04  2.7138e-04  2.7098e-04  2.7088e-04  2.6983e-04  2.6922e-04  2.6876e-04  2.6873e-04  2.6790e-04  2.6781e-04 
   44  1.5559e-01  3.5522e-03  2.8129e-04  2.8077e-04  2.7714e-04  2.7187e-04  2.7121e-04  2.6908e-04  2.6833e-04  2.6796e-04  2.6736e-04  2.6676e-04  2.6588e-04  2.6578e-04  2.6533e-04  2.6512e-04 
   45  1.4599e-01  3.7868e-03  2.6749e-04  2.6715e-04  2.6603e-04  2.6061e-04  2.6027e-04  2.5853e-04  2.5690e-04  2.5519e-04  2.5460e-04  2.5446e-04  2.5377e-04  2.5369e-04  2.5111e-04  2.5061e-04 
   46  1.3663e-01  4.0376e-03  2.4968e-04  2.4742e-04  2.4719e-04  2.4492e-04  2.4021e-04  2.4000e-04  2.3960e-04  2.3831e-04  2.3759e-04  2.3687e-04  2.3463e-04  2.3331e-04  2.3289e-04  2.3284e-04 
   47  1.3505e-01  4.0825e-03  2.5809e-04  2.5664e-04  2.4432e-04  2.4312e-04  2.4283e-04  2.4189e-04  2.4169e-04  2.4159e-04  2.4094e-04  2.3969e-04  2.3923e-04  2.3833e-04  2.3723e-04  2.3686e-04 
   48  1.4255e-01  3.8667e-03  2.7810e-04  2.7661e-04  2.7308e-04  2.7199e-04  2.6600e-04  2.6545e-04  2.5913e-04  2.5892e-04  2.5724e-04  2.5723e-04  2.5622e-04  2.5606e-04  2.5527e-04  2.5373e-04 
   49  1.5280e-01  3.6039e-03  3.0349e-04  3.0230e-04  2.8807e-04  2.8679e-04  2.7556e-04  2.7532e-04  2.7430e-04  2.7368e-04  2.7329e-04  2.7255e-04  2.7248e-04  2.7130e-04  2.7103e-04  2.7030e-04 
   50  1.5825e-01  3.4785e-03  3.0724e-04  3.0600e-04  2.9245e-04  2.9124e-04  2.8296e-04  2.8151e-04  2.7969e-04  2.7909e-04  2.7851e-04  2.7829e-04  2.7716e-04  2.7669e-04  2.7557e-04  2.7472e-04 
   51  1.5535e-01  3.5352e-03  3.0469e-04  3.0340e-04  2.9055e-04  2.8931e-04  2.8131e-04  2.7976e-04  2.7796e-04  2.7726e-04  2.7633e-04  2.7614e-04  2.7507e-04  2.7467e-04  2.7230e-04  2.7168e-04 
